<?xml version="1.0" encoding="UTF-8"?>
<testsuite name="demolition.YellowEnemyTest" tests="9" skipped="0" failures="0" errors="0" timestamp="2021-11-02T09:22:13" hostname="DESKTOP-A2UL7BQ" time="0.041">
  <properties/>
  <testcase name="testMovementAgainstPlayer()" classname="demolition.YellowEnemyTest" time="0.004"/>
  <testcase name="testClockwiseMovement()" classname="demolition.YellowEnemyTest" time="0.004"/>
  <testcase name="testClockwiseMovementAgainstRed()" classname="demolition.YellowEnemyTest" time="0.004"/>
  <testcase name="testMovementDown()" classname="demolition.YellowEnemyTest" time="0.003"/>
  <testcase name="testMovementLeft()" classname="demolition.YellowEnemyTest" time="0.004"/>
  <testcase name="testClockwiseMovementAgainstExplosion()" classname="demolition.YellowEnemyTest" time="0.004"/>
  <testcase name="testClockwiseMovementAgainstPlayer()" classname="demolition.YellowEnemyTest" time="0.003"/>
  <testcase name="testMovementAgainstRed()" classname="demolition.YellowEnemyTest" time="0.003"/>
  <testcase name="testMovementAgainstExplosion()" classname="demolition.YellowEnemyTest" time="0.002"/>
  <system-out><![CDATA[]]></system-out>
  <system-err><![CDATA[]]></system-err>
</testsuite>
