<?xml version="1.0" encoding="UTF-8"?>
<testsuite name="demolition.AnimationTest" tests="1" skipped="0" failures="0" errors="0" timestamp="2021-11-03T03:14:02" hostname="DESKTOP-A2UL7BQ" time="8.071">
  <properties/>
  <testcase name="testPlay()" classname="demolition.AnimationTest" time="8.071"/>
  <system-out><![CDATA[]]></system-out>
  <system-err><![CDATA[]]></system-err>
</testsuite>
