<?xml version="1.0" encoding="UTF-8"?>
<testsuite name="demolition.ConfigurationsTest" tests="3" skipped="0" failures="0" errors="0" timestamp="2021-11-04T17:36:36" hostname="DESKTOP-A2UL7BQ" time="0.025">
  <properties/>
  <testcase name="testReadConfig()" classname="demolition.ConfigurationsTest" time="0.004"/>
  <testcase name="testConfigureLevels()" classname="demolition.ConfigurationsTest" time="0.013"/>
  <testcase name="testReadMap()" classname="demolition.ConfigurationsTest" time="0.003"/>
  <system-out><![CDATA[]]></system-out>
  <system-err><![CDATA[]]></system-err>
</testsuite>
