<?xml version="1.0" encoding="UTF-8"?>
<testsuite name="demolition.LevelTest" tests="2" skipped="0" failures="0" errors="0" timestamp="2021-11-02T09:22:13" hostname="DESKTOP-A2UL7BQ" time="0.005">
  <properties/>
  <testcase name="testSetMap()" classname="demolition.LevelTest" time="0.002"/>
  <testcase name="testResetLevel()" classname="demolition.LevelTest" time="0.001"/>
  <system-out><![CDATA[]]></system-out>
  <system-err><![CDATA[]]></system-err>
</testsuite>
