<?xml version="1.0" encoding="UTF-8"?>
<testsuite name="demolition.AppTest" tests="3" skipped="0" failures="0" errors="0" timestamp="2021-11-03T03:14:10" hostname="DESKTOP-A2UL7BQ" time="0.011">
  <properties/>
  <testcase name="testSetup()" classname="demolition.AppTest" time="0.007"/>
  <testcase name="testDraw()" classname="demolition.AppTest" time="0.001"/>
  <testcase name="testMain()" classname="demolition.AppTest" time="0.001"/>
  <system-out><![CDATA[]]></system-out>
  <system-err><![CDATA[]]></system-err>
</testsuite>
