<?xml version="1.0" encoding="UTF-8"?>
<testsuite name="demolition.YellowEnemyTest" tests="1" skipped="0" failures="0" errors="0" timestamp="2021-11-02T03:09:41" hostname="DESKTOP-A2UL7BQ" time="0.004">
  <properties/>
  <testcase name="testMovement()" classname="demolition.YellowEnemyTest" time="0.004"/>
  <system-out><![CDATA[]]></system-out>
  <system-err><![CDATA[]]></system-err>
</testsuite>
