<?xml version="1.0" encoding="UTF-8"?>
<testsuite name="demolition.MapTest" tests="4" skipped="0" failures="0" errors="0" timestamp="2021-11-03T03:14:10" hostname="DESKTOP-A2UL7BQ" time="0.039">
  <properties/>
  <testcase name="testMap1()" classname="demolition.MapTest" time="0.005"/>
  <testcase name="testMap2()" classname="demolition.MapTest" time="0.009"/>
  <testcase name="testMap3()" classname="demolition.MapTest" time="0.008"/>
  <testcase name="testMapDetails()" classname="demolition.MapTest" time="0.004"/>
  <system-out><![CDATA[]]></system-out>
  <system-err><![CDATA[]]></system-err>
</testsuite>
