<?xml version="1.0" encoding="UTF-8"?>
<testsuite name="demolition.MapTest" tests="1" skipped="0" failures="0" errors="0" timestamp="2021-11-01T10:37:32" hostname="DESKTOP-A2UL7BQ" time="0.003">
  <properties/>
  <testcase name="testMapDetails()" classname="demolition.MapTest" time="0.003"/>
  <system-out><![CDATA[]]></system-out>
  <system-err><![CDATA[]]></system-err>
</testsuite>
