<?xml version="1.0" encoding="UTF-8"?>
<testsuite name="demolition.ConfigurationsTest" tests="2" skipped="0" failures="0" errors="0" timestamp="2021-11-03T03:14:10" hostname="DESKTOP-A2UL7BQ" time="0.008">
  <properties/>
  <testcase name="testReadConfig()" classname="demolition.ConfigurationsTest" time="0.004"/>
  <testcase name="testConfigureLevels()" classname="demolition.ConfigurationsTest" time="0.002"/>
  <system-out><![CDATA[]]></system-out>
  <system-err><![CDATA[]]></system-err>
</testsuite>
