<?xml version="1.0" encoding="UTF-8"?>
<testsuite name="demolition.AppTest" tests="5" skipped="0" failures="0" errors="0" timestamp="2021-11-02T09:22:13" hostname="DESKTOP-A2UL7BQ" time="0.037">
  <properties/>
  <testcase name="testSettings()" classname="demolition.AppTest" time="0.019"/>
  <testcase name="testSetup()" classname="demolition.AppTest" time="0.002"/>
  <testcase name="testDraw()" classname="demolition.AppTest" time="0.003"/>
  <testcase name="testMain()" classname="demolition.AppTest" time="0.002"/>
  <testcase name="testKeyReleased()" classname="demolition.AppTest" time="0.002"/>
  <system-out><![CDATA[]]></system-out>
  <system-err><![CDATA[]]></system-err>
</testsuite>
