<?xml version="1.0" encoding="UTF-8"?>
<testsuite name="demolition.RedEnemyTest" tests="9" skipped="0" failures="0" errors="0" timestamp="2021-11-02T10:59:15" hostname="DESKTOP-A2UL7BQ" time="0.042">
  <properties/>
  <testcase name="testMovementAgainstPlayer()" classname="demolition.RedEnemyTest" time="0.002"/>
  <testcase name="testMovmentAgainstExplosion()" classname="demolition.RedEnemyTest" time="0.0"/>
  <testcase name="testMovementAlongXAxis()" classname="demolition.RedEnemyTest" time="0.001"/>
  <testcase name="testMovementAlongYAxis()" classname="demolition.RedEnemyTest" time="0.015"/>
  <testcase name="testRandomMovementAlongXAxis2()" classname="demolition.RedEnemyTest" time="0.002"/>
  <testcase name="testMovmentAgainstYellowEnemy()" classname="demolition.RedEnemyTest" time="0.002"/>
  <testcase name="testMovementAgainstWall()" classname="demolition.RedEnemyTest" time="0.003"/>
  <testcase name="testRandomMovementAgainstPlayer1()" classname="demolition.RedEnemyTest" time="0.002"/>
  <testcase name="testRandomMovementAgainstPlayer2()" classname="demolition.RedEnemyTest" time="0.001"/>
  <system-out><![CDATA[]]></system-out>
  <system-err><![CDATA[]]></system-err>
</testsuite>
