<?xml version="1.0" encoding="UTF-8"?>
<testsuite name="demolition.BombGuyTest" tests="7" skipped="0" failures="0" errors="0" timestamp="2021-11-04T17:36:23" hostname="DESKTOP-A2UL7BQ" time="0.121">
  <properties/>
  <testcase name="controlMovementTest()" classname="demolition.BombGuyTest" time="0.082"/>
  <testcase name="controlMovementTest2()" classname="demolition.BombGuyTest" time="0.005"/>
  <testcase name="controlMovementTest3()" classname="demolition.BombGuyTest" time="0.005"/>
  <testcase name="controlMovementTest4()" classname="demolition.BombGuyTest" time="0.005"/>
  <testcase name="controlMovementTestToReachGoalTile()" classname="demolition.BombGuyTest" time="0.006"/>
  <testcase name="testMovement1()" classname="demolition.BombGuyTest" time="0.006"/>
  <testcase name="testMovement2()" classname="demolition.BombGuyTest" time="0.003"/>
  <system-out><![CDATA[]]></system-out>
  <system-err><![CDATA[]]></system-err>
</testsuite>
